    Checking tokmd-envelope v1.9.0 (/app/crates/tokmd-envelope)
    Checking tokmd-content v1.9.0 (/app/crates/tokmd-content)
    Checking tokmd-git v1.9.0 (/app/crates/tokmd-git)
    Checking tokmd-walk v1.9.0 (/app/crates/tokmd-walk)
    Checking tokmd-export-tree v1.9.0 (/app/crates/tokmd-export-tree)
    Checking tokmd-analysis-grid v1.9.0 (/app/crates/tokmd-analysis-grid)
    Checking tokmd-format v1.9.0 (/app/crates/tokmd-format)
    Checking tokmd-tokeignore v1.9.0 (/app/crates/tokmd-tokeignore)
    Checking tokmd-context-git v1.9.0 (/app/crates/tokmd-context-git)
    Checking tokmd-context-policy v1.9.0 (/app/crates/tokmd-context-policy)
    Checking tokmd-gate v1.9.0 (/app/crates/tokmd-gate)
    Checking clap_complete v4.6.0
    Checking tokmd-analysis-types v1.9.0 (/app/crates/tokmd-analysis-types)
    Checking tokmd-analysis-util v1.9.0 (/app/crates/tokmd-analysis-util)
    Checking tokmd-analysis-maintainability v1.9.0 (/app/crates/tokmd-analysis-maintainability)
    Checking tokmd-analysis-fun v1.9.0 (/app/crates/tokmd-analysis-fun)
    Checking tokmd-analysis-topics v1.9.0 (/app/crates/tokmd-analysis-topics)
    Checking tokmd-analysis-archetype v1.9.0 (/app/crates/tokmd-analysis-archetype)
    Checking tokmd-analysis-fingerprint v1.9.0 (/app/crates/tokmd-analysis-fingerprint)
    Checking tokmd-analysis-content v1.9.0 (/app/crates/tokmd-analysis-content)
    Checking tokmd-analysis-license v1.9.0 (/app/crates/tokmd-analysis-license)
    Checking tokmd-analysis-effort v1.9.0 (/app/crates/tokmd-analysis-effort)
    Checking tokmd-analysis-derived v1.9.0 (/app/crates/tokmd-analysis-derived)
    Checking tokmd-analysis-api-surface v1.9.0 (/app/crates/tokmd-analysis-api-surface)
    Checking tokmd-analysis-entropy v1.9.0 (/app/crates/tokmd-analysis-entropy)
    Checking tokmd-analysis-git v1.9.0 (/app/crates/tokmd-analysis-git)
    Checking tokmd-analysis-complexity v1.9.0 (/app/crates/tokmd-analysis-complexity)
    Checking tokmd-analysis-html v1.9.0 (/app/crates/tokmd-analysis-html)
    Checking tokmd-analysis-near-dup v1.9.0 (/app/crates/tokmd-analysis-near-dup)
    Checking tokmd-analysis-assets v1.9.0 (/app/crates/tokmd-analysis-assets)
    Checking tokmd-analysis-format v1.9.0 (/app/crates/tokmd-analysis-format)
    Checking tokmd-cockpit v1.9.0 (/app/crates/tokmd-cockpit)
    Checking tokmd-analysis v1.9.0 (/app/crates/tokmd-analysis)
    Checking tokmd v1.9.0 (/app/crates/tokmd)
    Finished `dev` profile [unoptimized + debuginfo] target(s) in 17.43s
