    Checking memchr v2.8.0
    Checking serde_core v1.0.228
    Checking cfg-if v1.0.4
    Checking utf8parse v0.2.2
    Checking is_terminal_polyfill v1.70.2
    Checking anstyle-parse v1.0.0
    Checking anstyle v1.0.14
    Checking anstyle-query v1.1.5
    Checking colorchoice v1.0.5
    Checking clap_lex v1.1.0
    Checking anstream v1.0.0
    Checking strsim v0.11.1
    Checking itoa v1.0.18
    Checking zmij v1.0.21
    Checking clap_builder v4.6.0
    Checking cpufeatures v0.2.17
    Checking arrayref v0.3.9
    Checking constant_time_eq v0.4.2
    Checking arrayvec v0.7.6
    Checking anyhow v1.0.102
    Checking blake3 v1.8.3
    Checking libc v0.2.183
    Checking aho-corasick v1.1.4
    Checking regex-syntax v0.8.10
    Checking serde v1.0.228
    Checking clap v4.6.0
    Checking serde_json v1.0.149
    Checking crossbeam-utils v0.8.21
    Checking tokmd-types v1.8.1 (/app/crates/tokmd-types)
    Checking tokmd-envelope v1.8.1 (/app/crates/tokmd-envelope)
    Checking regex-automata v0.4.14
   Compiling getrandom v0.2.17
    Checking crossbeam-epoch v0.9.18
    Checking crossbeam-deque v0.8.6
   Compiling rand_core v0.6.4
   Compiling rand_chacha v0.3.1
    Checking bstr v1.12.1
   Compiling rand v0.8.5
    Checking log v0.4.29
   Compiling phf_generator v0.11.3
    Checking tokmd-analysis-types v1.8.1 (/app/crates/tokmd-analysis-types)
    Checking regex v1.12.3
   Compiling pest v2.8.6
   Compiling phf_codegen v0.11.3
    Checking globset v0.4.18
    Checking same-file v1.0.6
    Checking walkdir v2.5.0
   Compiling pest_meta v2.8.6
   Compiling parse-zoneinfo v0.3.1
   Compiling chrono-tz-build v0.3.0
    Checking winnow v1.0.0
    Checking tokmd-math v1.8.1 (/app/crates/tokmd-math)
    Checking either v1.15.0
    Checking toml_parser v1.0.10+spec-1.1.0
   Compiling chrono-tz v0.9.0
   Compiling pest_generator v2.8.6
    Checking ignore v0.4.25
    Checking serde_spanned v1.0.4
    Checking toml_datetime v1.0.1+spec-1.1.0
    Checking toml_writer v1.0.7+spec-1.1.0
    Checking tokmd-analysis-util v1.8.1 (/app/crates/tokmd-analysis-util)
    Checking toml v1.0.7+spec-1.1.0
   Compiling pest_derive v2.8.6
    Checking rayon-core v1.13.0
   Compiling globwalk v0.9.1
    Checking rayon v1.11.0
    Checking smallvec v1.15.1
    Checking scopeguard v1.2.0
   Compiling lazy_static v1.5.0
    Checking once_cell v1.21.4
    Checking equivalent v1.0.2
    Checking hashbrown v0.16.1
    Checking lock_api v0.4.14
    Checking indexmap v2.13.0
    Checking parking_lot_core v0.9.12
    Checking getrandom v0.4.2
   Compiling json5 v0.4.1
    Checking tokmd-settings v1.8.1 (/app/crates/tokmd-settings)
    Checking tokmd-content v1.8.1 (/app/crates/tokmd-content)
    Checking toml_datetime v0.6.11
    Checking serde_spanned v0.6.9
    Checking encoding_rs v0.8.35
   Compiling tera v1.20.1
    Checking winnow v0.7.15
    Checking powerfmt v0.2.0
   Compiling time-core v0.1.8
   Compiling num-conv v0.2.0
    Checking toml_write v0.1.2
   Compiling time-macros v0.2.27
    Checking encoding_rs_io v0.1.7
    Checking deranged v0.5.8
    Checking toml_edit v0.22.27
    Checking colored v2.2.0
    Checking thiserror v1.0.69
    Checking itertools v0.11.0
    Checking tokmd-git v1.8.1 (/app/crates/tokmd-git)
    Checking memmap2 v0.9.10
    Checking grep-matcher v0.1.8
    Checking hashbrown v0.14.5
    Checking linux-raw-sys v0.12.1
    Checking bitflags v2.11.0
    Checking home v0.5.12 (/app/vendor/home-0.5.12)
    Checking tokmd-path v1.8.1 (/app/crates/tokmd-path)
    Checking etcetera v0.8.0
    Checking time v0.3.47
    Checking table_formatter v0.6.1
    Checking rustix v1.1.4
    Checking toml v0.8.23
    Checking dashmap v6.1.0
    Checking arbitrary v1.4.2
    Checking grep-searcher v0.1.16
   Compiling tokei v14.0.0
    Checking parking_lot v0.12.5
    Checking crossbeam-channel v0.5.15
    Checking clap-cargo v0.18.3
    Checking term_size v0.3.2
    Checking fastrand v2.3.0
    Checking unicode-width v0.2.2
    Checking tempfile v3.27.0
    Checking tokmd-io-port v1.8.1 (/app/crates/tokmd-io-port)
    Checking console v0.16.3
    Checking tokmd-walk v1.8.1 (/app/crates/tokmd-walk)
    Checking tokmd-tool-schema v1.8.1 (/app/crates/tokmd-tool-schema)
    Checking tokmd-redact v1.8.1 (/app/crates/tokmd-redact)
    Checking csv-core v0.1.13
    Checking tokmd-module-key v1.8.1 (/app/crates/tokmd-module-key)
    Checking ryu v1.0.23
    Checking tokmd-scan-args v1.8.1 (/app/crates/tokmd-scan-args)
    Checking tokmd-config v1.8.1 (/app/crates/tokmd-config)
    Checking csv v1.4.0
    Checking portable-atomic v1.13.1
    Checking midly v0.5.3
    Checking uuid v1.22.0
    Checking tokmd-analysis-maintainability v1.8.1 (/app/crates/tokmd-analysis-maintainability)
    Checking tokmd-model v1.8.1 (/app/crates/tokmd-model)
    Checking tokmd-scan v1.8.1 (/app/crates/tokmd-scan)
    Checking tokmd-export-tree v1.8.1 (/app/crates/tokmd-export-tree)
    Checking rustc-hash v2.1.1
    Checking unit-prefix v0.5.2
    Checking option-ext v0.2.0
    Checking tokmd-analysis-imports v1.8.1 (/app/crates/tokmd-analysis-imports)
    Checking dirs-sys v0.5.0
    Checking tokmd-analysis-content v1.8.1 (/app/crates/tokmd-analysis-content)
    Checking tokmd-analysis-near-dup v1.8.1 (/app/crates/tokmd-analysis-near-dup)
    Checking indicatif v0.18.4
    Checking tokmd-analysis-derived v1.8.1 (/app/crates/tokmd-analysis-derived)
    Checking tokmd-fun v1.8.1 (/app/crates/tokmd-fun)
    Checking tokmd-analysis-complexity v1.8.1 (/app/crates/tokmd-analysis-complexity)
    Checking tokmd-format v1.8.1 (/app/crates/tokmd-format)
    Checking tokmd-analysis-assets v1.8.1 (/app/crates/tokmd-analysis-assets)
    Checking tokmd-analysis-license v1.8.1 (/app/crates/tokmd-analysis-license)
    Checking tokmd-analysis-html v1.8.1 (/app/crates/tokmd-analysis-html)
    Checking tokmd-analysis-fingerprint v1.8.1 (/app/crates/tokmd-analysis-fingerprint)
    Checking tokmd-analysis-git v1.8.1 (/app/crates/tokmd-analysis-git)
    Checking tokmd-analysis-effort v1.8.1 (/app/crates/tokmd-analysis-effort)
    Checking tokmd-analysis-entropy v1.8.1 (/app/crates/tokmd-analysis-entropy)
    Checking tokmd-analysis-api-surface v1.8.1 (/app/crates/tokmd-analysis-api-surface)
    Checking tokmd-analysis-fun v1.8.1 (/app/crates/tokmd-analysis-fun)
    Checking tokmd-analysis-archetype v1.8.1 (/app/crates/tokmd-analysis-archetype)
    Checking tokmd-analysis-topics v1.8.1 (/app/crates/tokmd-analysis-topics)
    Checking tokmd-analysis-grid v1.8.1 (/app/crates/tokmd-analysis-grid)
    Checking shell-words v1.1.1
    Checking zeroize v1.8.2
    Checking tokmd-analysis-format v1.8.1 (/app/crates/tokmd-analysis-format)
    Checking tokmd-analysis v1.8.1 (/app/crates/tokmd-analysis)
    Checking tokmd-tokeignore v1.8.1 (/app/crates/tokmd-tokeignore)
    Checking dialoguer v0.12.0
    Checking tokmd-progress v1.8.1 (/app/crates/tokmd-progress)
    Checking dirs v6.0.0
    Checking tokmd-cockpit v1.8.1 (/app/crates/tokmd-cockpit)
    Checking tokmd-context-git v1.8.1 (/app/crates/tokmd-context-git)
    Checking tokmd-exclude v1.8.1 (/app/crates/tokmd-exclude)
    Checking tokmd-context-policy v1.8.1 (/app/crates/tokmd-context-policy)
    Checking tokmd-gate v1.8.1 (/app/crates/tokmd-gate)
    Checking clap_complete v4.6.0
    Checking tokmd-badge v1.8.1 (/app/crates/tokmd-badge)
    Checking tokmd-analysis-explain v1.8.1 (/app/crates/tokmd-analysis-explain)
    Checking tokmd-substrate v1.8.1 (/app/crates/tokmd-substrate)
    Checking base64 v0.22.1
    Checking tokmd-core v1.8.1 (/app/crates/tokmd-core)
    Checking tokmd-sensor v1.8.1 (/app/crates/tokmd-sensor)
    Checking tokmd-analysis-halstead v1.8.1 (/app/crates/tokmd-analysis-halstead)
    Checking tokmd-ffi-envelope v1.8.1 (/app/crates/tokmd-ffi-envelope)
    Checking tokmd v1.8.1 (/app/crates/tokmd)
    Finished `dev` profile [unoptimized + debuginfo] target(s) in 32.80s
