    Finished `dev` profile [unoptimized + debuginfo] target(s) in 0.22s
     Running `target/debug/xtask gate --check`
gate: using disposable target dir /tmp/tokmd-gate-target-239762-1776364391668654019
[1/4] fmt
   ✅ Step 1 (fmt) passed
[2/4] check (warm graph)
   Compiling unicode-ident v1.0.24
   Compiling proc-macro2 v1.0.106
   Compiling quote v1.0.45
   Compiling libc v0.2.183
   Compiling serde_core v1.0.228
    Checking memchr v2.8.0
   Compiling serde v1.0.228
    Checking cfg-if v1.0.4
   Compiling zmij v1.0.21
   Compiling syn v2.0.117
    Checking itoa v1.0.18
   Compiling serde_json v1.0.149
   Compiling jobserver v0.1.34
   Compiling shlex v1.3.0
   Compiling find-msvc-tools v0.1.9
    Checking cpufeatures v0.3.0
    Checking arrayvec v0.7.6
   Compiling cc v1.2.57
    Checking arrayref v0.3.9
    Checking constant_time_eq v0.4.2
   Compiling anyhow v1.0.102
   Compiling crossbeam-utils v0.8.21
    Checking aho-corasick v1.1.4
   Compiling blake3 v1.8.4
    Checking regex-syntax v0.8.10
   Compiling zerocopy v0.8.47
    Checking regex-automata v0.4.14
   Compiling serde_derive v1.0.228
   Compiling getrandom v0.2.17
    Checking crossbeam-epoch v0.9.18
    Checking crossbeam-deque v0.8.6
   Compiling rand_core v0.6.4
   Compiling autocfg v1.5.0
   Compiling siphasher v1.0.2
   Compiling phf_shared v0.11.3
   Compiling num-traits v0.2.19
    Checking utf8parse v0.2.2
    Checking anstyle-parse v1.0.0
    Checking bstr v1.12.1
    Checking colorchoice v1.0.5
    Checking log v0.4.29
    Checking is_terminal_polyfill v1.70.2
    Checking anstyle-query v1.1.5
    Checking anstyle v1.0.14
    Checking anstream v1.0.0
    Checking tokmd-types v1.9.0 (/app/crates/tokmd-types)
    Checking tokmd-envelope v1.9.0 (/app/crates/tokmd-envelope)
   Compiling regex v1.12.3
   Compiling ppv-lite86 v0.2.21
   Compiling ucd-trie v0.1.7
   Compiling rand_chacha v0.3.1
   Compiling heck v0.5.0
   Compiling rand v0.8.5
    Checking strsim v0.11.1
    Checking clap_lex v1.1.0
   Compiling clap_derive v4.6.0
    Checking clap_builder v4.6.0
   Compiling phf_generator v0.11.3
   Compiling phf_codegen v0.11.3
   Compiling pest v2.8.6
    Checking tokmd-analysis-types v1.9.0 (/app/crates/tokmd-analysis-types)
   Compiling parse-zoneinfo v0.3.1
    Checking globset v0.4.18
   Compiling phf v0.11.3
    Checking winnow v1.0.0
    Checking tokmd-math v1.9.0 (/app/crates/tokmd-math)
    Checking same-file v1.0.6
    Checking walkdir v2.5.0
   Compiling chrono-tz-build v0.3.0
    Checking toml_parser v1.1.2+spec-1.1.0
   Compiling pest_meta v2.8.6
    Checking clap v4.6.0
    Checking toml_datetime v1.1.1+spec-1.1.0
    Checking tokmd-analysis-util v1.9.0 (/app/crates/tokmd-analysis-util)
    Checking serde_spanned v1.1.1
   Compiling libm v0.2.16
   Compiling unicode-segmentation v1.12.0
    Checking either v1.15.0
   Compiling rayon-core v1.13.0
    Checking toml_writer v1.1.1+spec-1.1.0
    Checking toml v1.1.2+spec-1.1.0
   Compiling pest_generator v2.8.6
   Compiling chrono-tz v0.9.0
    Checking ignore v0.4.25
    Checking hashbrown v0.16.1
   Compiling iana-time-zone v0.1.65
    Checking once_cell v1.21.4
    Checking equivalent v1.0.2
   Compiling pest_derive v2.8.6
    Checking indexmap v2.13.0
   Compiling chrono v0.4.44
   Compiling getrandom v0.4.2
   Compiling deunicode v1.6.2
   Compiling bitflags v2.11.0
   Compiling parking_lot_core v0.9.12
   Compiling slug v0.1.6
   Compiling globwalk v0.9.1
   Compiling humansize v2.1.3
    Checking rayon v1.11.0
    Checking tokmd-content v1.9.0 (/app/crates/tokmd-content)
    Checking smallvec v1.15.1
   Compiling lazy_static v1.5.0
   Compiling percent-encoding v2.3.2
    Checking scopeguard v1.2.0
   Compiling thiserror v1.0.69
    Checking lock_api v0.4.14
   Compiling json5 v0.4.1
    Checking tokmd-settings v1.9.0 (/app/crates/tokmd-settings)
    Checking tokmd-git v1.9.0 (/app/crates/tokmd-git)
    Checking toml_datetime v0.6.11
    Checking serde_spanned v0.6.9
   Compiling thiserror-impl v1.0.69
   Compiling derive_arbitrary v1.4.2
    Checking encoding_rs v0.8.35
   Compiling tera v1.20.1
   Compiling rustix v1.1.4
    Checking powerfmt v0.2.0
    Checking winnow v0.7.15
    Checking toml_write v0.1.2
   Compiling num-conv v0.2.0
   Compiling time-core v0.1.8
    Checking colored v2.2.0
   Compiling time-macros v0.2.27
    Checking encoding_rs_io v0.1.7
    Checking deranged v0.5.8
    Checking arbitrary v1.4.2
    Checking toml_edit v0.22.27
    Checking itertools v0.11.0
    Checking memmap2 v0.9.10
    Checking grep-matcher v0.1.8
    Checking linux-raw-sys v0.12.1
    Checking hashbrown v0.14.5
    Checking tokmd-path v1.9.0 (/app/crates/tokmd-path)
    Checking home v0.5.12 (/app/vendor/home-0.5.12)
    Checking etcetera v0.8.0
    Checking time v0.3.47
    Checking toml v0.8.23
    Checking dashmap v6.1.0
    Checking table_formatter v0.6.1
    Checking grep-searcher v0.1.16
    Checking parking_lot v0.12.5
    Checking clap-cargo v0.18.3
   Compiling tokei v14.0.0
    Checking crossbeam-channel v0.5.15
    Checking term_size v0.3.2
    Checking tokmd-io-port v1.9.0 (/app/crates/tokmd-io-port)
    Checking fastrand v2.3.0
    Checking tokmd-walk v1.9.0 (/app/crates/tokmd-walk)
    Checking rustc-hash v2.1.2
    Checking midly v0.5.3
    Checking tokmd-analysis-maintainability v1.9.0 (/app/crates/tokmd-analysis-maintainability)
    Checking tokmd-tool-schema v1.9.0 (/app/crates/tokmd-tool-schema)
    Checking tokmd-export-tree v1.9.0 (/app/crates/tokmd-export-tree)
    Checking tokmd-redact v1.9.0 (/app/crates/tokmd-redact)
    Checking csv-core v0.1.13
    Checking tempfile v3.27.0
    Checking tokmd-analysis-imports v1.9.0 (/app/crates/tokmd-analysis-imports)
    Checking ryu v1.0.23
    Checking tokmd-module-key v1.9.0 (/app/crates/tokmd-module-key)
    Checking csv v1.4.0
    Checking tokmd-analysis-content v1.9.0 (/app/crates/tokmd-analysis-content)
    Checking tokmd-fun v1.9.0 (/app/crates/tokmd-fun)
    Checking tokmd-scan-args v1.9.0 (/app/crates/tokmd-scan-args)
    Checking tokmd-analysis-derived v1.9.0 (/app/crates/tokmd-analysis-derived)
    Checking tokmd-config v1.9.0 (/app/crates/tokmd-config)
    Checking tokmd-analysis-complexity v1.9.0 (/app/crates/tokmd-analysis-complexity)
    Checking tokmd-analysis-near-dup v1.9.0 (/app/crates/tokmd-analysis-near-dup)
    Checking tokmd-analysis-license v1.9.0 (/app/crates/tokmd-analysis-license)
    Checking tokmd-analysis-assets v1.9.0 (/app/crates/tokmd-analysis-assets)
    Checking tokmd-analysis-html v1.9.0 (/app/crates/tokmd-analysis-html)
    Checking tokmd-analysis-effort v1.9.0 (/app/crates/tokmd-analysis-effort)
    Checking tokmd-analysis-git v1.9.0 (/app/crates/tokmd-analysis-git)
    Checking tokmd-analysis-fingerprint v1.9.0 (/app/crates/tokmd-analysis-fingerprint)
    Checking uuid v1.23.0
    Checking tokmd-analysis-api-surface v1.9.0 (/app/crates/tokmd-analysis-api-surface)
    Checking tokmd-analysis-entropy v1.9.0 (/app/crates/tokmd-analysis-entropy)
    Checking tokmd-analysis-halstead v1.9.0 (/app/crates/tokmd-analysis-halstead)
    Checking tokmd-model v1.9.0 (/app/crates/tokmd-model)
    Checking tokmd-scan v1.9.0 (/app/crates/tokmd-scan)
    Checking tokmd-analysis-topics v1.9.0 (/app/crates/tokmd-analysis-topics)
    Checking tokmd-analysis-format-md v1.9.0 (/app/crates/tokmd-analysis-format-md)
    Checking tokmd-analysis-fun v1.9.0 (/app/crates/tokmd-analysis-fun)
    Checking tokmd-analysis-archetype v1.9.0 (/app/crates/tokmd-analysis-archetype)
    Checking tokmd-analysis-grid v1.9.0 (/app/crates/tokmd-analysis-grid)
    Checking tokmd-format v1.9.0 (/app/crates/tokmd-format)
    Checking tokmd-analysis v1.9.0 (/app/crates/tokmd-analysis)
    Checking tokmd-analysis-format v1.9.0 (/app/crates/tokmd-analysis-format)
    Checking tokmd-cockpit v1.9.0 (/app/crates/tokmd-cockpit)
    Checking base64 v0.22.1
    Checking tokmd-exclude v1.9.0 (/app/crates/tokmd-exclude)
    Checking tokmd-context-policy v1.9.0 (/app/crates/tokmd-context-policy)
    Checking tokmd-gate v1.9.0 (/app/crates/tokmd-gate)
    Checking tokmd-badge v1.9.0 (/app/crates/tokmd-badge)
   Compiling libfuzzer-sys v0.4.12
    Checking tokmd-ffi-envelope v1.9.0 (/app/crates/tokmd-ffi-envelope)
   Compiling wasm-bindgen-shared v0.2.114
    Checking tokmd-core v1.9.0 (/app/crates/tokmd-core)
   Compiling rustversion v1.0.22
   Compiling dtor-proc-macro v0.0.6
   Compiling portable-atomic v1.13.1
    Checking unicode-width v0.2.2
    Checking futures-sink v0.3.32
    Checking pin-project-lite v0.2.17
    Checking console v0.16.3
    Checking futures-core v0.3.32
   Compiling napi-build v2.3.1
    Checking futures-channel v0.3.32
   Compiling futures-macro v0.3.32
    Checking futures-io v0.3.32
    Checking unit-prefix v0.5.2
   Compiling bumpalo v3.20.2
    Checking futures-task v0.3.32
    Checking slab v0.4.12
    Checking option-ext v0.2.0
   Compiling ctor-proc-macro v0.0.7
    Checking dirs-sys v0.5.0
   Compiling wasm-bindgen-macro-support v0.2.114
   Compiling wasm-bindgen v0.2.114
    Checking futures-util v0.3.32
    Checking indicatif v0.18.4
    Checking shell-words v1.1.1
    Checking zeroize v1.8.2
   Compiling camino v1.2.2
   Compiling thiserror v2.0.18
    Checking dialoguer v0.12.0
    Checking tokmd-progress v1.9.0 (/app/crates/tokmd-progress)
    Checking dirs v6.0.0
   Compiling napi v3.8.4
    Checking dtor v0.3.0
    Checking tokmd-tokeignore v1.9.0 (/app/crates/tokmd-tokeignore)
    Checking tokmd-context-git v1.9.0 (/app/crates/tokmd-context-git)
   Compiling convert_case v0.11.0
    Checking clap_complete v4.6.1
   Compiling thiserror-impl v2.0.18
    Checking futures-executor v0.3.32
    Checking libloading v0.9.0
    Checking foldhash v0.1.5
    Checking tokmd-analysis-explain v1.9.0 (/app/crates/tokmd-analysis-explain)
   Compiling semver v1.0.28
   Compiling napi-derive-backend v5.0.2
   Compiling wasm-bindgen-macro v0.2.114
    Checking tokmd v1.9.0 (/app/crates/tokmd)
    Checking hashbrown v0.15.5
    Checking napi-sys v3.2.1
    Checking futures v0.3.32
   Compiling ctor v0.8.0
   Compiling tokmd-node v1.9.0 (/app/crates/tokmd-node)
    Checking tokio v1.51.1
    Checking cargo-platform v0.3.2
    Checking fixedbitset v0.5.7
    Checking nohash-hasher v0.2.0
    Checking petgraph v0.8.3
    Checking cargo_metadata v0.23.1
   Compiling napi-derive v3.5.3
    Checking js-sys v0.3.91
    Checking tokmd-substrate v1.9.0 (/app/crates/tokmd-substrate)
    Checking tokmd-sensor v1.9.0 (/app/crates/tokmd-sensor)
    Checking xtask v1.9.0 (/app/xtask)
    Checking tokmd-wasm v1.9.0 (/app/crates/tokmd-wasm)
    Checking tokmd-fuzz v0.0.0 (/app/fuzz)
    Finished `dev` profile [unoptimized + debuginfo] target(s) in 1m 00s
   ✅ Step 2 (check (warm graph)) passed
[3/4] clippy
   Compiling libm v0.2.16
   Compiling zerocopy v0.8.47
   Compiling num-traits v0.2.19
   Compiling getrandom v0.3.4
    Checking bit-vec v0.8.0
    Checking rand_core v0.9.5
    Checking bit-set v0.8.0
    Checking wait-timeout v0.2.1
    Checking fnv v1.0.7
    Checking quick-error v1.2.3
    Checking rand v0.9.2
    Checking rusty-fork v0.3.1
    Checking rand_xorshift v0.4.0
    Checking unarray v0.1.4
   Compiling serde v1.0.228
   Compiling serde_json v1.0.149
    Checking regex-automata v0.4.14
    Checking tokmd-types v1.9.0 (/app/crates/tokmd-types)
    Checking tokmd-envelope v1.9.0 (/app/crates/tokmd-envelope)
    Checking similar v2.7.0
    Checking insta v1.47.2
    Checking tokmd-math v1.9.0 (/app/crates/tokmd-math)
    Checking tokmd-path v1.9.0 (/app/crates/tokmd-path)
    Checking tokmd-module-key v1.9.0 (/app/crates/tokmd-module-key)
    Checking tokmd-redact v1.9.0 (/app/crates/tokmd-redact)
    Checking ppv-lite86 v0.2.21
    Checking foldhash v0.2.0
    Checking allocator-api2 v0.2.21
    Checking regex v1.12.3
    Checking rand_chacha v0.9.0
    Checking bstr v1.12.1
    Checking proptest v1.11.0
    Checking tokmd-content v1.9.0 (/app/crates/tokmd-content)
    Checking hashbrown v0.16.1
    Checking globset v0.4.18
    Checking ignore v0.4.25
    Checking indexmap v2.13.0
    Checking tokmd-analysis-types v1.9.0 (/app/crates/tokmd-analysis-types)
    Checking tokmd-settings v1.9.0 (/app/crates/tokmd-settings)
    Checking tokmd-git v1.9.0 (/app/crates/tokmd-git)
    Checking smallvec v1.15.1
    Checking tokmd-io-port v1.9.0 (/app/crates/tokmd-io-port)
    Checking parking_lot_core v0.9.12
   Compiling chrono v0.4.44
   Compiling humansize v2.1.3
    Checking parking_lot v0.12.5
    Checking serde_spanned v0.6.9
    Checking toml_datetime v0.6.11
    Checking toml_edit v0.22.27
    Checking dashmap v6.1.0
    Checking grep-searcher v0.1.16
    Checking tokmd-analysis-util v1.9.0 (/app/crates/tokmd-analysis-util)
    Checking tokmd-walk v1.9.0 (/app/crates/tokmd-walk)
    Checking tokmd-tool-schema v1.9.0 (/app/crates/tokmd-tool-schema)
    Checking tokmd-scan-args v1.9.0 (/app/crates/tokmd-scan-args)
    Checking tokmd-export-tree v1.9.0 (/app/crates/tokmd-export-tree)
    Checking tokmd-analysis-maintainability v1.9.0 (/app/crates/tokmd-analysis-maintainability)
    Checking tokmd-analysis-imports v1.9.0 (/app/crates/tokmd-analysis-imports)
    Checking tokmd-fun v1.9.0 (/app/crates/tokmd-fun)
    Checking tokmd-config v1.9.0 (/app/crates/tokmd-config)
    Checking tokmd-format v1.9.0 (/app/crates/tokmd-format)
    Checking tokmd-analysis-near-dup v1.9.0 (/app/crates/tokmd-analysis-near-dup)
    Checking toml v0.8.23
    Checking tokmd-analysis-derived v1.9.0 (/app/crates/tokmd-analysis-derived)
   Compiling rand_chacha v0.3.1
    Checking tokmd-analysis-complexity v1.9.0 (/app/crates/tokmd-analysis-complexity)
    Checking tokmd-analysis-entropy v1.9.0 (/app/crates/tokmd-analysis-entropy)
   Compiling rand v0.8.5
    Checking tokmd-analysis-html v1.9.0 (/app/crates/tokmd-analysis-html)
    Checking tokmd-analysis-content v1.9.0 (/app/crates/tokmd-analysis-content)
    Checking tokmd-analysis-license v1.9.0 (/app/crates/tokmd-analysis-license)
    Checking tokmd-analysis-git v1.9.0 (/app/crates/tokmd-analysis-git)
    Checking tokmd-analysis-halstead v1.9.0 (/app/crates/tokmd-analysis-halstead)
    Checking tokmd-analysis-topics v1.9.0 (/app/crates/tokmd-analysis-topics)
    Checking tokmd-analysis-fingerprint v1.9.0 (/app/crates/tokmd-analysis-fingerprint)
    Checking tokmd-analysis-grid v1.9.0 (/app/crates/tokmd-analysis-grid)
    Checking tokmd-analysis-assets v1.9.0 (/app/crates/tokmd-analysis-assets)
    Checking tokmd-analysis-api-surface v1.9.0 (/app/crates/tokmd-analysis-api-surface)
    Checking tokmd-analysis-archetype v1.9.0 (/app/crates/tokmd-analysis-archetype)
    Checking tokmd-analysis-fun v1.9.0 (/app/crates/tokmd-analysis-fun)
   Compiling phf_generator v0.11.3
    Checking tokmd-analysis-effort v1.9.0 (/app/crates/tokmd-analysis-effort)
   Compiling phf_codegen v0.11.3
    Checking tokmd-analysis-format-md v1.9.0 (/app/crates/tokmd-analysis-format-md)
    Checking tokmd-cockpit v1.9.0 (/app/crates/tokmd-cockpit)
   Compiling chrono-tz-build v0.3.0
    Checking tokmd-analysis v1.9.0 (/app/crates/tokmd-analysis)
    Checking tokmd-badge v1.9.0 (/app/crates/tokmd-badge)
    Checking tokmd-analysis-format v1.9.0 (/app/crates/tokmd-analysis-format)
    Checking tokmd-gate v1.9.0 (/app/crates/tokmd-gate)
    Checking tokmd-context-policy v1.9.0 (/app/crates/tokmd-context-policy)
    Checking tokmd-exclude v1.9.0 (/app/crates/tokmd-exclude)
    Checking tokmd-progress v1.9.0 (/app/crates/tokmd-progress)
   Compiling chrono-tz v0.9.0
    Checking tokmd-tokeignore v1.9.0 (/app/crates/tokmd-tokeignore)
   Compiling synstructure v0.13.2
    Checking tokmd-analysis-explain v1.9.0 (/app/crates/tokmd-analysis-explain)
    Checking tokmd-context-git v1.9.0 (/app/crates/tokmd-context-git)
    Checking stable_deref_trait v1.2.1
   Compiling zerovec-derive v0.11.2
   Compiling displaydoc v0.2.5
   Compiling zerofrom-derive v0.1.6
   Compiling yoke-derive v0.8.1
    Checking litemap v0.8.1
    Checking writeable v0.6.2
    Checking num-integer v0.1.46
   Compiling icu_normalizer_data v2.1.1
   Compiling icu_properties_data v2.1.2
   Compiling version_check v0.9.5
    Checking zerofrom v0.1.6
   Compiling ref-cast v1.0.25
    Checking yoke v0.8.1
    Checking zerovec v0.11.5
    Checking zerotrie v0.2.3
   Compiling ahash v0.8.12
    Checking num-bigint v0.4.6
   Compiling ref-cast-impl v1.0.25
    Checking tinystr v0.8.2
    Checking icu_locale_core v2.1.1
    Checking potential_utf v0.1.4
    Checking icu_collections v2.1.1
    Checking num-iter v0.1.45
    Checking num-complex v0.4.6
    Checking icu_provider v2.1.1
    Checking num-rational v0.4.2
   Compiling tera v1.20.1
    Checking icu_normalizer v2.1.1
    Checking icu_properties v2.1.2
    Checking predicates-core v1.0.10
    Checking borrow-or-share v0.2.4
   Compiling unicode-general-category v1.1.0
    Checking fluent-uri v0.4.1
    Checking num v0.4.3
    Checking float-cmp v0.10.0
    Checking difflib v0.4.0
    Checking utf8_iter v1.0.4
    Checking idna_adapter v1.2.1
    Checking vsimd v0.8.0
    Checking normalize-line-endings v0.3.0
    Checking outref v0.5.2
   Compiling assert_cmd v2.2.0
    Checking termtree v0.5.1
    Checking percent-encoding v2.3.2
    Checking predicates-tree v1.0.13
    Checking predicates v3.1.4
    Checking referencing v0.45.0
    Checking uuid-simd v0.8.0
    Checking idna v1.1.0
    Checking fraction v0.15.3
    Checking fancy-regex v0.17.0
    Checking email_address v0.2.9
    Checking num-cmp v0.1.0
    Checking data-encoding v2.10.0
    Checking bytecount v0.6.9
    Checking tokmd-ffi-envelope v1.9.0 (/app/crates/tokmd-ffi-envelope)
    Checking jsonschema v0.45.0
    Checking tokmd-substrate v1.9.0 (/app/crates/tokmd-substrate)
    Checking petgraph v0.8.3
    Checking cargo_metadata v0.23.1
   Compiling tokmd-node v1.9.0 (/app/crates/tokmd-node)
    Checking napi v3.8.4
   Compiling tokei v14.0.0
    Checking wasm-bindgen-futures v0.4.64
   Compiling wasm-bindgen-test-macro v0.3.64
   Compiling async-trait v0.1.89
    Checking oorandom v11.1.5
    Checking cast v0.3.0
    Checking wasm-bindgen-test-shared v0.2.114
    Checking nu-ansi-term v0.50.3
    Checking xtask v1.9.0 (/app/xtask)
    Checking wasm-bindgen-test v0.3.64
    Checking tokmd-model v1.9.0 (/app/crates/tokmd-model)
    Checking tokmd-scan v1.9.0 (/app/crates/tokmd-scan)
    Checking tokmd-core v1.9.0 (/app/crates/tokmd-core)
    Checking tokmd v1.9.0 (/app/crates/tokmd)
    Checking tokmd-sensor v1.9.0 (/app/crates/tokmd-sensor)
    Checking tokmd-fuzz v0.0.0 (/app/fuzz)
    Checking tokmd-wasm v1.9.0 (/app/crates/tokmd-wasm)
    Finished `dev` profile [unoptimized + debuginfo] target(s) in 1m 30s
   ✅ Step 3 (clippy) passed
[4/4] test (compile-only)
   Compiling cfg-if v1.0.4
   Compiling regex-syntax v0.8.10
   Compiling libc v0.2.183
   Compiling once_cell v1.21.4
   Compiling libm v0.2.16
   Compiling bitflags v2.11.0
   Compiling linux-raw-sys v0.12.1
   Compiling rustix v1.1.4
   Compiling getrandom v0.4.2
   Compiling fastrand v2.3.0
   Compiling zerocopy v0.8.47
   Compiling num-traits v0.2.19
   Compiling getrandom v0.3.4
   Compiling tempfile v3.27.0
   Compiling rand_core v0.9.5
   Compiling bit-vec v0.8.0
   Compiling wait-timeout v0.2.1
   Compiling bit-set v0.8.0
   Compiling fnv v1.0.7
   Compiling quick-error v1.2.3
   Compiling rand v0.9.2
   Compiling rand_xorshift v0.4.0
   Compiling rusty-fork v0.3.1
   Compiling unarray v0.1.4
   Compiling unicode-ident v1.0.24
   Compiling proc-macro2 v1.0.106
   Compiling serde_core v1.0.228
   Compiling memchr v2.8.0
   Compiling quote v1.0.45
   Compiling syn v2.0.117
   Compiling itoa v1.0.18
   Compiling zmij v1.0.21
   Compiling jobserver v0.1.34
   Compiling ppv-lite86 v0.2.21
   Compiling cc v1.2.57
   Compiling rand_chacha v0.9.0
   Compiling proptest v1.11.0
   Compiling serde_json v1.0.149
   Compiling blake3 v1.8.4
   Compiling arrayref v0.3.9
   Compiling arrayvec v0.7.6
   Compiling cpufeatures v0.3.0
   Compiling constant_time_eq v0.4.2
   Compiling anyhow v1.0.102
   Compiling aho-corasick v1.1.4
   Compiling unicode-width v0.2.2
   Compiling console v0.16.3
   Compiling regex-automata v0.4.14
   Compiling serde_derive v1.0.228
   Compiling similar v2.7.0
   Compiling crossbeam-utils v0.8.21
   Compiling crossbeam-epoch v0.9.18
   Compiling crossbeam-deque v0.8.6
   Compiling winnow v1.0.0
   Compiling toml_datetime v1.1.1+spec-1.1.0
   Compiling toml_parser v1.1.2+spec-1.1.0
   Compiling serde_spanned v1.1.1
   Compiling regex v1.12.3
   Compiling serde v1.0.228
   Compiling toml_writer v1.1.1+spec-1.1.0
   Compiling toml v1.1.2+spec-1.1.0
   Compiling log v0.4.29
   Compiling bstr v1.12.1
   Compiling tokmd-types v1.9.0 (/app/crates/tokmd-types)
   Compiling tokmd-envelope v1.9.0 (/app/crates/tokmd-envelope)
   Compiling insta v1.47.2
   Compiling globset v0.4.18
   Compiling tokmd-math v1.9.0 (/app/crates/tokmd-math)
   Compiling same-file v1.0.6
   Compiling walkdir v2.5.0
   Compiling tokmd-path v1.9.0 (/app/crates/tokmd-path)
   Compiling ignore v0.4.25
   Compiling anstyle v1.0.14
   Compiling tokmd-analysis-types v1.9.0 (/app/crates/tokmd-analysis-types)
   Compiling tokmd-settings v1.9.0 (/app/crates/tokmd-settings)
   Compiling utf8parse v0.2.2
   Compiling anstyle-parse v1.0.0
   Compiling is_terminal_polyfill v1.70.2
   Compiling colorchoice v1.0.5
   Compiling anstyle-query v1.1.5
   Compiling anstream v1.0.0
   Compiling strsim v0.11.1
   Compiling clap_lex v1.1.0
   Compiling clap_builder v4.6.0
   Compiling clap_derive v4.6.0
   Compiling tokmd-content v1.9.0 (/app/crates/tokmd-content)
   Compiling either v1.15.0
   Compiling rayon-core v1.13.0
   Compiling tokmd-analysis-util v1.9.0 (/app/crates/tokmd-analysis-util)
   Compiling tokmd-module-key v1.9.0 (/app/crates/tokmd-module-key)
   Compiling rayon v1.11.0
   Compiling tokmd-redact v1.9.0 (/app/crates/tokmd-redact)
   Compiling tokmd-git v1.9.0 (/app/crates/tokmd-git)
   Compiling powerfmt v0.2.0
   Compiling clap v4.6.0
   Compiling time-core v0.1.8
   Compiling num-conv v0.2.0
   Compiling time-macros v0.2.27
   Compiling deranged v0.5.8
   Compiling iana-time-zone v0.1.65
   Compiling time v0.3.47
   Compiling equivalent v1.0.2
   Compiling foldhash v0.2.0
   Compiling allocator-api2 v0.2.21
   Compiling hashbrown v0.16.1
   Compiling indexmap v2.13.0
   Compiling getrandom v0.2.17
   Compiling rand_core v0.6.4
   Compiling tokmd-io-port v1.9.0 (/app/crates/tokmd-io-port)
   Compiling rand_chacha v0.3.1
   Compiling smallvec v1.15.1
   Compiling pest v2.8.6
   Compiling lazy_static v1.5.0
   Compiling rand v0.8.5
   Compiling phf_generator v0.11.3
   Compiling phf_codegen v0.11.3
   Compiling parse-zoneinfo v0.3.1
   Compiling pest_meta v2.8.6
   Compiling chrono-tz-build v0.3.0
   Compiling percent-encoding v2.3.2
   Compiling scopeguard v1.2.0
   Compiling pest_generator v2.8.6
   Compiling chrono-tz v0.9.0
   Compiling lock_api v0.4.14
   Compiling chrono v0.4.44
   Compiling parking_lot_core v0.9.12
   Compiling pest_derive v2.8.6
   Compiling globwalk v0.9.1
   Compiling humansize v2.1.3
   Compiling json5 v0.4.1
   Compiling parking_lot v0.12.5
   Compiling toml_datetime v0.6.11
   Compiling serde_spanned v0.6.9
   Compiling thiserror-impl v1.0.69
   Compiling encoding_rs v0.8.35
   Compiling toml_write v0.1.2
   Compiling winnow v0.7.15
   Compiling thiserror v1.0.69
   Compiling colored v2.2.0
   Compiling encoding_rs_io v0.1.7
   Compiling itertools v0.11.0
   Compiling tera v1.20.1
   Compiling derive_arbitrary v1.4.2
   Compiling toml_edit v0.22.27
   Compiling grep-matcher v0.1.8
   Compiling memmap2 v0.9.10
   Compiling hashbrown v0.14.5
   Compiling home v0.5.12 (/app/vendor/home-0.5.12)
   Compiling etcetera v0.8.0
   Compiling grep-searcher v0.1.16
   Compiling dashmap v6.1.0
   Compiling table_formatter v0.6.1
   Compiling arbitrary v1.4.2
   Compiling clap-cargo v0.18.3
   Compiling crossbeam-channel v0.5.15
   Compiling toml v0.8.23
   Compiling term_size v0.3.2
   Compiling tokmd-walk v1.9.0 (/app/crates/tokmd-walk)
   Compiling tokmd-tool-schema v1.9.0 (/app/crates/tokmd-tool-schema)
   Compiling tokmd-scan-args v1.9.0 (/app/crates/tokmd-scan-args)
   Compiling tokmd-export-tree v1.9.0 (/app/crates/tokmd-export-tree)
   Compiling tokmd-analysis-maintainability v1.9.0 (/app/crates/tokmd-analysis-maintainability)
   Compiling tokmd-analysis-imports v1.9.0 (/app/crates/tokmd-analysis-imports)
   Compiling midly v0.5.3
   Compiling tokmd-config v1.9.0 (/app/crates/tokmd-config)
   Compiling tokei v14.0.0
   Compiling csv-core v0.1.13
   Compiling tokmd-fun v1.9.0 (/app/crates/tokmd-fun)
   Compiling ryu v1.0.23
   Compiling rustc-hash v2.1.2
   Compiling csv v1.4.0
   Compiling uuid v1.23.0
   Compiling tokmd-format v1.9.0 (/app/crates/tokmd-format)
   Compiling tokmd-analysis-near-dup v1.9.0 (/app/crates/tokmd-analysis-near-dup)
   Compiling tokmd-model v1.9.0 (/app/crates/tokmd-model)
   Compiling tokmd-scan v1.9.0 (/app/crates/tokmd-scan)
   Compiling tokmd-analysis-derived v1.9.0 (/app/crates/tokmd-analysis-derived)
   Compiling tokmd-analysis-complexity v1.9.0 (/app/crates/tokmd-analysis-complexity)
   Compiling tokmd-analysis-html v1.9.0 (/app/crates/tokmd-analysis-html)
   Compiling tokmd-analysis-entropy v1.9.0 (/app/crates/tokmd-analysis-entropy)
   Compiling tokmd-analysis-content v1.9.0 (/app/crates/tokmd-analysis-content)
   Compiling tokmd-analysis-license v1.9.0 (/app/crates/tokmd-analysis-license)
   Compiling tokmd-analysis-git v1.9.0 (/app/crates/tokmd-analysis-git)
   Compiling tokmd-analysis-fingerprint v1.9.0 (/app/crates/tokmd-analysis-fingerprint)
   Compiling tokmd-analysis-halstead v1.9.0 (/app/crates/tokmd-analysis-halstead)
   Compiling tokmd-analysis-topics v1.9.0 (/app/crates/tokmd-analysis-topics)
   Compiling tokmd-analysis-grid v1.9.0 (/app/crates/tokmd-analysis-grid)
   Compiling tokmd-analysis-assets v1.9.0 (/app/crates/tokmd-analysis-assets)
   Compiling tokmd-analysis-api-surface v1.9.0 (/app/crates/tokmd-analysis-api-surface)
   Compiling tokmd-analysis-archetype v1.9.0 (/app/crates/tokmd-analysis-archetype)
   Compiling tokmd-analysis-fun v1.9.0 (/app/crates/tokmd-analysis-fun)
   Compiling tokmd-analysis-effort v1.9.0 (/app/crates/tokmd-analysis-effort)
   Compiling tokmd-analysis-format-md v1.9.0 (/app/crates/tokmd-analysis-format-md)
   Compiling tokmd-cockpit v1.9.0 (/app/crates/tokmd-cockpit)
   Compiling tokmd-analysis-format v1.9.0 (/app/crates/tokmd-analysis-format)
   Compiling tokmd-analysis v1.9.0 (/app/crates/tokmd-analysis)
   Compiling base64 v0.22.1
   Compiling tokmd-badge v1.9.0 (/app/crates/tokmd-badge)
   Compiling tokmd-gate v1.9.0 (/app/crates/tokmd-gate)
   Compiling portable-atomic v1.13.1
   Compiling tokmd-core v1.9.0 (/app/crates/tokmd-core)
   Compiling unit-prefix v0.5.2
   Compiling indicatif v0.18.4
   Compiling tokmd-context-policy v1.9.0 (/app/crates/tokmd-context-policy)
   Compiling tokmd-progress v1.9.0 (/app/crates/tokmd-progress)
   Compiling tokmd-exclude v1.9.0 (/app/crates/tokmd-exclude)
   Compiling tokmd-tokeignore v1.9.0 (/app/crates/tokmd-tokeignore)
   Compiling synstructure v0.13.2
   Compiling tokmd-analysis-explain v1.9.0 (/app/crates/tokmd-analysis-explain)
   Compiling tokmd-context-git v1.9.0 (/app/crates/tokmd-context-git)
   Compiling zerofrom-derive v0.1.6
   Compiling yoke-derive v0.8.1
   Compiling stable_deref_trait v1.2.1
   Compiling zerovec-derive v0.11.2
   Compiling displaydoc v0.2.5
   Compiling litemap v0.8.1
   Compiling writeable v0.6.2
   Compiling num-integer v0.1.46
   Compiling zerofrom v0.1.6
   Compiling option-ext v0.2.0
   Compiling yoke v0.8.1
   Compiling dirs-sys v0.5.0
   Compiling zerotrie v0.2.3
   Compiling num-bigint v0.4.6
   Compiling zerovec v0.11.5
   Compiling icu_normalizer_data v2.1.1
   Compiling icu_properties_data v2.1.2
   Compiling ref-cast-impl v1.0.25
   Compiling shell-words v1.1.1
   Compiling zeroize v1.8.2
   Compiling tinystr v0.8.2
   Compiling potential_utf v0.1.4
   Compiling icu_collections v2.1.1
   Compiling ref-cast v1.0.25
   Compiling icu_locale_core v2.1.1
   Compiling dialoguer v0.12.0
   Compiling num-rational v0.4.2
   Compiling icu_provider v2.1.1
   Compiling dirs v6.0.0
   Compiling num-iter v0.1.45
   Compiling clap_complete v4.6.1
   Compiling num-complex v0.4.6
   Compiling icu_properties v2.1.2
   Compiling icu_normalizer v2.1.1
   Compiling predicates-core v1.0.10
   Compiling borrow-or-share v0.2.4
   Compiling fluent-uri v0.4.1
   Compiling num v0.4.3
   Compiling ahash v0.8.12
   Compiling float-cmp v0.10.0
   Compiling normalize-line-endings v0.3.0
   Compiling utf8_iter v1.0.4
   Compiling termtree v0.5.1
   Compiling vsimd v0.8.0
   Compiling difflib v0.4.0
   Compiling idna_adapter v1.2.1
   Compiling outref v0.5.2
   Compiling idna v1.1.0
   Compiling uuid-simd v0.8.0
   Compiling predicates v3.1.4
   Compiling referencing v0.45.0
   Compiling predicates-tree v1.0.13
   Compiling fraction v0.15.3
   Compiling unicode-general-category v1.1.0
   Compiling tokmd v1.9.0 (/app/crates/tokmd)
   Compiling email_address v0.2.9
   Compiling fancy-regex v0.17.0
   Compiling data-encoding v2.10.0
   Compiling num-cmp v0.1.0
   Compiling bytecount v0.6.9
   Compiling jsonschema v0.45.0
   Compiling assert_cmd v2.2.0
   Compiling tokmd-substrate v1.9.0 (/app/crates/tokmd-substrate)
   Compiling tokmd-ffi-envelope v1.9.0 (/app/crates/tokmd-ffi-envelope)
   Compiling tokmd-sensor v1.9.0 (/app/crates/tokmd-sensor)
   Compiling thiserror-impl v2.0.18
   Compiling foldhash v0.1.5
   Compiling thiserror v2.0.18
   Compiling camino v1.2.2
   Compiling hashbrown v0.15.5
   Compiling cargo-platform v0.3.2
   Compiling semver v1.0.28
   Compiling fixedbitset v0.5.7
   Compiling petgraph v0.8.3
   Compiling cargo_metadata v0.23.1
   Compiling futures-sink v0.3.32
   Compiling pin-project-lite v0.2.17
   Compiling futures-core v0.3.32
   Compiling futures-channel v0.3.32
   Compiling wasm-bindgen-shared v0.2.114
   Compiling futures-macro v0.3.32
   Compiling futures-io v0.3.32
   Compiling futures-task v0.3.32
   Compiling slab v0.4.12
   Compiling futures-util v0.3.32
   Compiling wasm-bindgen-macro-support v0.2.114
   Compiling dtor v0.3.0
   Compiling ctor v0.8.0
   Compiling async-trait v0.1.89
   Compiling wasm-bindgen-test-macro v0.3.64
   Compiling libloading v0.9.0
   Compiling nu-ansi-term v0.50.3
   Compiling oorandom v11.1.5
   Compiling wasm-bindgen-test-shared v0.2.114
   Compiling cast v0.3.0
   Compiling napi-sys v3.2.1
   Compiling napi-derive-backend v5.0.2
   Compiling futures-executor v0.3.32
   Compiling tokio v1.51.1
   Compiling futures v0.3.32
   Compiling nohash-hasher v0.2.0
   Compiling wasm-bindgen-macro v0.2.114
   Compiling wasm-bindgen v0.2.114
   Compiling napi-derive v3.5.3
   Compiling js-sys v0.3.91
   Compiling napi v3.8.4
   Compiling wasm-bindgen-futures v0.4.64
   Compiling tokmd-node v1.9.0 (/app/crates/tokmd-node)
   Compiling wasm-bindgen-test v0.3.64
   Compiling tokmd-wasm v1.9.0 (/app/crates/tokmd-wasm)
   Compiling xtask v1.9.0 (/app/xtask)
   ❌ Step 4 (test (compile-only)) failed

gate result: 3/4 steps passed

Failures:
  - test (compile-only) (exit code: -1)

Tip: Run 'cargo xtask gate' (without --check) to auto-fix formatting issues.
Error: quality gate failed with 1 failure(s)
