    Updating crates.io index
 Downloading crates ...
  Downloaded anstyle-parse v1.0.0
  Downloaded anstream v1.0.0
  Downloaded cargo-platform v0.3.3
  Downloaded anstyle-query v1.1.5
  Downloaded colorchoice v1.0.5
  Downloaded itoa v1.0.18
  Downloaded utf8parse v0.2.2
  Downloaded heck v0.5.0
  Downloaded serde_spanned v1.1.1
  Downloaded strsim v0.11.1
  Downloaded zmij v1.0.21
  Downloaded serde_derive v1.0.228
  Downloaded unicode-ident v1.0.24
  Downloaded toml v1.1.2+spec-1.1.0
  Downloaded serde v1.0.228
  Downloaded memchr v2.8.0
  Downloaded proc-macro2 v1.0.106
  Downloaded serde_json v1.0.149
  Downloaded winnow v1.0.2
  Downloaded hashbrown v0.17.0
  Downloaded indexmap v2.14.0
  Downloaded hashbrown v0.15.5
  Downloaded clap_builder v4.6.0
  Downloaded num-traits v0.2.19
  Downloaded chrono v0.4.44
  Downloaded syn v2.0.117
  Downloaded clap v4.6.1
  Downloaded autocfg v1.5.0
  Downloaded serde_core v1.0.228
  Downloaded semver v1.0.28
  Downloaded iana-time-zone v0.1.65
  Downloaded camino v1.2.2
  Downloaded anyhow v1.0.102
  Downloaded toml_writer v1.1.1+spec-1.1.0
  Downloaded toml_parser v1.1.2+spec-1.1.0
  Downloaded toml_datetime v1.1.1+spec-1.1.0
  Downloaded thiserror-impl v2.0.18
  Downloaded thiserror v2.0.18
  Downloaded fixedbitset v0.5.7
  Downloaded clap_derive v4.6.1
  Downloaded anstyle v1.0.14
  Downloaded quote v1.0.45
  Downloaded foldhash v0.1.5
  Downloaded equivalent v1.0.2
  Downloaded cargo_metadata v0.23.1
  Downloaded is_terminal_polyfill v1.70.2
  Downloaded clap_lex v1.1.0
  Downloaded petgraph v0.8.3
   Compiling serde_core v1.0.228
   Compiling proc-macro2 v1.0.106
   Compiling quote v1.0.45
   Compiling unicode-ident v1.0.24
   Compiling utf8parse v0.2.2
   Compiling zmij v1.0.21
   Compiling autocfg v1.5.0
   Compiling anstyle-parse v1.0.0
   Compiling serde v1.0.228
   Compiling thiserror v2.0.18
   Compiling num-traits v0.2.19
   Compiling is_terminal_polyfill v1.70.2
   Compiling anstyle-query v1.1.5
   Compiling camino v1.2.2
   Compiling colorchoice v1.0.5
   Compiling serde_json v1.0.149
   Compiling syn v2.0.117
   Compiling anstyle v1.0.14
   Compiling anstream v1.0.0
   Compiling heck v0.5.0
   Compiling equivalent v1.0.2
   Compiling foldhash v0.1.5
   Compiling strsim v0.11.1
   Compiling winnow v1.0.2
   Compiling itoa v1.0.18
   Compiling memchr v2.8.0
   Compiling anyhow v1.0.102
   Compiling hashbrown v0.17.0
   Compiling clap_lex v1.1.0
   Compiling clap_builder v4.6.0
   Compiling indexmap v2.14.0
   Compiling toml_datetime v1.1.1+spec-1.1.0
   Compiling serde_spanned v1.1.1
   Compiling semver v1.0.28
   Compiling cargo-platform v0.3.3
   Compiling toml_parser v1.1.2+spec-1.1.0
   Compiling serde_derive v1.0.228
   Compiling thiserror-impl v2.0.18
   Compiling clap_derive v4.6.1
   Compiling hashbrown v0.15.5
   Compiling iana-time-zone v0.1.65
   Compiling toml_writer v1.1.1+spec-1.1.0
   Compiling fixedbitset v0.5.7
   Compiling toml v1.1.2+spec-1.1.0
   Compiling petgraph v0.8.3
   Compiling chrono v0.4.44
   Compiling cargo_metadata v0.23.1
   Compiling clap v4.6.1
   Compiling xtask v1.10.0 (/app/xtask)
    Finished `dev` profile [unoptimized + debuginfo] target(s) in 23.49s
     Running `target/debug/xtask publish --plan --verbose`
=== Publish Plan ===

Workspace version: 1.10.0

Publish order (16 crates):
   1. tokmd-gate
   2. tokmd-io-port
   3. tokmd-types
   4. tokmd-model
   5. tokmd-settings
   6. tokmd-scan
   7. tokmd-git
   8. tokmd-envelope
   9. tokmd-sensor
  10. tokmd-analysis-types
  11. tokmd-format
  12. tokmd-cockpit
  13. tokmd-analysis
  14. tokmd-core
  15. tokmd-wasm
  16. tokmd

Excluded crates:
  - tokmd-fuzz: NotPublishable
  - tokmd-node: NotPublishable
  - tokmd-python: NotPublishable
  - xtask: NotPublishable

Flags:
  --dry-run: false
  --tag: false

To execute this plan:
  cargo xtask publish --yes --verbose
