    Finished `dev` profile [unoptimized + debuginfo] target(s) in 0.14s
     Running `target/debug/xtask publish-surface --verify-publish`
Publish surface v1.10.0
Current public crate surface (11):
  - tokmd
  - tokmd-analysis-types
  - tokmd-cockpit
  - tokmd-core
  - tokmd-envelope
  - tokmd-gate
  - tokmd-io-port
  - tokmd-sensor
  - tokmd-settings
  - tokmd-types
  - tokmd-wasm
Current published support crates (5):
  - tokmd-analysis
  - tokmd-format
  - tokmd-git
  - tokmd-model
  - tokmd-scan
Target public crate surface (11):
  - tokmd
  - tokmd-analysis-types
  - tokmd-cockpit
  - tokmd-core
  - tokmd-envelope
  - tokmd-gate
  - tokmd-io-port
  - tokmd-sensor
  - tokmd-settings
  - tokmd-types
  - tokmd-wasm
Target support crates (5):
  - tokmd-analysis
  - tokmd-format
  - tokmd-git
  - tokmd-model
  - tokmd-scan
Target support gap (0):
Public product crates (3):
  - tokmd
  - tokmd-core
  - tokmd-wasm
Public contract crates (5):
  - tokmd-analysis-types
  - tokmd-envelope
  - tokmd-io-port
  - tokmd-settings
  - tokmd-types
Public workflow crates (3):
  - tokmd-cockpit
  - tokmd-gate
  - tokmd-sensor
Public capability crates (5):
  - tokmd-analysis
  - tokmd-format
  - tokmd-git
  - tokmd-model
  - tokmd-scan
Conditional public crates (0):
Internal module families (0):
Dev-only packages (0):
Non-crates.io packages: 4
  - tokmd-fuzz
  - tokmd-node
  - tokmd-python
  - xtask
Closure checks:
  - tokmd (publish = true): closure 14 crates
  - tokmd-analysis (publish = true): closure 9 crates
  - tokmd-analysis-types (publish = true): closure 3 crates
  - tokmd-cockpit (publish = true): closure 5 crates
  - tokmd-core (publish = true): closure 12 crates
  - tokmd-envelope (publish = true): closure 1 crates
  - tokmd-format (publish = true): closure 5 crates
  - tokmd-gate (publish = true): closure 1 crates
  - tokmd-git (publish = true): closure 2 crates
  - tokmd-io-port (publish = true): closure 1 crates
  - tokmd-model (publish = true): closure 2 crates
  - tokmd-scan (publish = true): closure 4 crates
  - tokmd-sensor (publish = true): closure 7 crates
  - tokmd-settings (publish = true): closure 2 crates
  - tokmd-types (publish = true): closure 1 crates
  - tokmd-wasm (publish = true): closure 13 crates
Packaging checks:
  - tokmd: package_list=true
  - tokmd-analysis: package_list=true
  - tokmd-analysis-types: package_list=true
  - tokmd-cockpit: package_list=true
  - tokmd-core: package_list=true
  - tokmd-envelope: package_list=true
  - tokmd-format: package_list=true
  - tokmd-gate: package_list=true
  - tokmd-git: package_list=true
  - tokmd-io-port: package_list=true
  - tokmd-model: package_list=true
  - tokmd-scan: package_list=true
  - tokmd-sensor: package_list=true
  - tokmd-settings: package_list=true
  - tokmd-types: package_list=true
  - tokmd-wasm: package_list=true
