    Finished `dev` profile [unoptimized + debuginfo] target(s) in 0.16s
     Running `target/debug/xtask publish --plan`
=== Publish Plan ===

Workspace version: 1.10.0

Publish order (16 crates):
   1. tokmd-gate
   2. tokmd-io-port
   3. tokmd-types
   4. tokmd-model
   5. tokmd-settings
   6. tokmd-scan
   7. tokmd-git
   8. tokmd-envelope
   9. tokmd-sensor
  10. tokmd-analysis-types
  11. tokmd-format
  12. tokmd-cockpit
  13. tokmd-analysis
  14. tokmd-core
  15. tokmd-wasm
  16. tokmd

Flags:
  --dry-run: false
  --tag: false

To execute this plan:
  cargo xtask publish --yes
